<?xml version="1.0" encoding="UTF-8"?>
<!-- Generated by org.testng.reporters.JUnitXMLReporter -->
<testsuite hostname="KrishnaK-LAPTOP" ignored="0" name="AlertConcepts firefox" tests="8" failures="0" timestamp="24 Nov 2018 16:48:08 GMT" time="22.054" errors="0">
  <testcase name="@BeforeClass initialization" time="22.004" classname="com.framework.methods.TestBase">
    <failure type="java.lang.Error" message="Could not start a new session. Possible causes are invalid address of the remote server or browser start-up failure.
Build info: version: &amp;apos;3.14.0&amp;apos;, revision: &amp;apos;aacccce0&amp;apos;, time: &amp;apos;2018-08-02T20:19:58.91Z&amp;apos;
System info: host: &amp;apos;KRISHNAK-LAPTOP&amp;apos;, ip: &amp;apos;192.168.56.1&amp;apos;, os.name: &amp;apos;Windows 7&amp;apos;, os.arch: &amp;apos;x86&amp;apos;, os.version: &amp;apos;6.1&amp;apos;, java.version: &amp;apos;1.8.0_152&amp;apos;
Driver info: driver.version: RemoteWebDriver">
      <![CDATA[java.lang.Error: Could not start a new session. Possible causes are invalid address of the remote server or browser start-up failure.
Build info: version: '3.14.0', revision: 'aacccce0', time: '2018-08-02T20:19:58.91Z'
System info: host: 'KRISHNAK-LAPTOP', ip: '192.168.56.1', os.name: 'Windows 7', os.arch: 'x86', os.version: '6.1', java.version: '1.8.0_152'
Driver info: driver.version: RemoteWebDriver
	at org.openqa.selenium.remote.RemoteWebDriver.execute(RemoteWebDriver.java:569)
	at org.openqa.selenium.remote.RemoteWebDriver.startSession(RemoteWebDriver.java:212)
	at org.openqa.selenium.remote.RemoteWebDriver.<init>(RemoteWebDriver.java:130)
	at org.openqa.selenium.remote.RemoteWebDriver.<init>(RemoteWebDriver.java:143)
	at com.framework.methods.BrowserType.browserName(BrowserType.java:51)
	at com.framework.methods.TestBase.initialization(TestBase.java:25)
	at java.util.concurrent.FutureTask.run(FutureTask.java:266)
	at java.util.concurrent.ThreadPoolExecutor.runWorker(ThreadPoolExecutor.java:1149)
	at java.util.concurrent.ThreadPoolExecutor$Worker.run(ThreadPoolExecutor.java:624)
	at java.lang.Thread.run(Thread.java:748)
... Removed 16 stack frames]]>
    </failure>
  </testcase> <!-- @BeforeClass initialization -->
  <testcase name="@AfterClass tearDown" time="0.0" classname="com.framework.methods.TestBase">
    <skipped/>
  </testcase> <!-- @AfterClass tearDown -->
  <testcase name="PJLogin" time="0.0" classname="com.PJOHN.TestCases.PapaJhonesTestCases">
    <skipped/>
  </testcase> <!-- PJLogin -->
  <testcase name="PJLaunch" time="0.0" classname="com.PJOHN.TestCases.PapaJhonesTestCases">
    <skipped/>
  </testcase> <!-- PJLaunch -->
  <testcase name="PJwelcome" time="0.0" classname="com.PJOHN.TestCases.PapaJhonesTestCases">
    <skipped/>
  </testcase> <!-- PJwelcome -->
  <testcase name="PJMessage" time="0.0" classname="com.PJOHN.TestCases.PapaJhonesTestCases">
    <skipped/>
  </testcase> <!-- PJMessage -->
  <testcase name="PJGrowing" time="0.0" classname="com.PJOHN.TestCases.PapaJhonesTestCases">
    <skipped/>
  </testcase> <!-- PJGrowing -->
  <testcase name="PJFranchise" time="0.0" classname="com.PJOHN.TestCases.PapaJhonesTestCases">
    <skipped/>
  </testcase> <!-- PJFranchise -->
  <testcase name="PJSchannaterMessage" time="0.0" classname="com.PJOHN.TestCases.PapaJhonesTestCases">
    <skipped/>
  </testcase> <!-- PJSchannaterMessage -->
  <testcase name="PJConclusionPage" time="0.0" classname="com.PJOHN.TestCases.PapaJhonesTestCases">
    <skipped/>
  </testcase> <!-- PJConclusionPage -->
</testsuite> <!-- AlertConcepts firefox -->
