<?xml version="1.0" encoding="UTF-8"?>
<testng-results skipped="0" failed="0" ignored="0" total="8" passed="8">
  <reporter-output>
  </reporter-output>
  <suite name="Basic Concepts" duration-ms="393066" started-at="2018-11-26T17:03:23Z" finished-at="2018-11-26T17:09:56Z">
    <groups>
    </groups>
    <test name="AlertConcepts chrome" duration-ms="393066" started-at="2018-11-26T17:03:23Z" finished-at="2018-11-26T17:09:56Z">
      <class name="com.PJOHN.TestCases.PapaJhonesTestCases">
        <test-method status="PASS" signature="GeneratingReportLogs()[pri:0, instance:com.PJOHN.TestCases.PapaJhonesTestCases@1d94634]" name="GeneratingReportLogs" is-config="true" duration-ms="162" started-at="2018-11-26T22:33:23Z" finished-at="2018-11-26T22:33:23Z">
          <reporter-output>
          </reporter-output>
        </test-method> <!-- GeneratingReportLogs -->
        <test-method status="PASS" signature="initialization(java.lang.String, java.lang.String, java.lang.String)[pri:0, instance:com.PJOHN.TestCases.PapaJhonesTestCases@1d94634]" name="initialization" is-config="true" duration-ms="19946" started-at="2018-11-26T22:33:23Z" finished-at="2018-11-26T22:33:43Z">
          <params>
            <param index="0">
              <value>
                <![CDATA[chrome]]>
              </value>
            </param>
            <param index="1">
              <value>
                <![CDATA[qa]]>
              </value>
            </param>
            <param index="2">
              <value>
                <![CDATA[local]]>
              </value>
            </param>
          </params>
          <reporter-output>
          </reporter-output>
        </test-method> <!-- initialization -->
        <test-method status="PASS" signature="PJLogin()[pri:1, instance:com.PJOHN.TestCases.PapaJhonesTestCases@1d94634]" name="PJLogin" duration-ms="14783" started-at="2018-11-26T22:33:43Z" finished-at="2018-11-26T22:33:57Z">
          <reporter-output>
          </reporter-output>
        </test-method> <!-- PJLogin -->
        <test-method status="PASS" signature="afterEachTest(org.testng.ITestResult)[pri:0, instance:com.PJOHN.TestCases.PapaJhonesTestCases@1d94634]" name="afterEachTest" is-config="true" duration-ms="617" started-at="2018-11-26T22:33:57Z" finished-at="2018-11-26T22:33:58Z">
          <params>
            <param index="0">
              <value>
                <![CDATA[[TestResult name=PJLogin status=SUCCESS method=PapaJhonesTestCases.PJLogin()[pri:1, instance:com.PJOHN.TestCases.PapaJhonesTestCases@1d94634] output={null}]]]>
              </value>
            </param>
          </params>
          <reporter-output>
          </reporter-output>
        </test-method> <!-- afterEachTest -->
        <test-method status="PASS" signature="PJLaunch()[pri:2, instance:com.PJOHN.TestCases.PapaJhonesTestCases@1d94634]" name="PJLaunch" duration-ms="68775" started-at="2018-11-26T22:33:58Z" finished-at="2018-11-26T22:35:07Z">
          <reporter-output>
          </reporter-output>
        </test-method> <!-- PJLaunch -->
        <test-method status="PASS" signature="afterEachTest(org.testng.ITestResult)[pri:0, instance:com.PJOHN.TestCases.PapaJhonesTestCases@1d94634]" name="afterEachTest" is-config="true" duration-ms="53" started-at="2018-11-26T22:35:07Z" finished-at="2018-11-26T22:35:07Z">
          <params>
            <param index="0">
              <value>
                <![CDATA[[TestResult name=PJLaunch status=SUCCESS method=PapaJhonesTestCases.PJLaunch()[pri:2, instance:com.PJOHN.TestCases.PapaJhonesTestCases@1d94634] output={null}]]]>
              </value>
            </param>
          </params>
          <reporter-output>
          </reporter-output>
        </test-method> <!-- afterEachTest -->
        <test-method status="PASS" signature="PJwelcome()[pri:3, instance:com.PJOHN.TestCases.PapaJhonesTestCases@1d94634]" name="PJwelcome" duration-ms="60390" started-at="2018-11-26T22:35:07Z" depends-on-methods="com.PJOHN.TestCases.PapaJhonesTestCases.PJLaunch" finished-at="2018-11-26T22:36:07Z">
          <reporter-output>
          </reporter-output>
        </test-method> <!-- PJwelcome -->
        <test-method status="PASS" signature="afterEachTest(org.testng.ITestResult)[pri:0, instance:com.PJOHN.TestCases.PapaJhonesTestCases@1d94634]" name="afterEachTest" is-config="true" duration-ms="49" started-at="2018-11-26T22:36:07Z" finished-at="2018-11-26T22:36:07Z">
          <params>
            <param index="0">
              <value>
                <![CDATA[[TestResult name=PJwelcome status=SUCCESS method=PapaJhonesTestCases.PJwelcome()[pri:3, instance:com.PJOHN.TestCases.PapaJhonesTestCases@1d94634] output={null}]]]>
              </value>
            </param>
          </params>
          <reporter-output>
          </reporter-output>
        </test-method> <!-- afterEachTest -->
        <test-method status="PASS" signature="PJMessage()[pri:4, instance:com.PJOHN.TestCases.PapaJhonesTestCases@1d94634]" name="PJMessage" duration-ms="45208" started-at="2018-11-26T22:36:07Z" finished-at="2018-11-26T22:36:53Z">
          <reporter-output>
          </reporter-output>
        </test-method> <!-- PJMessage -->
        <test-method status="PASS" signature="afterEachTest(org.testng.ITestResult)[pri:0, instance:com.PJOHN.TestCases.PapaJhonesTestCases@1d94634]" name="afterEachTest" is-config="true" duration-ms="65" started-at="2018-11-26T22:36:53Z" finished-at="2018-11-26T22:36:53Z">
          <params>
            <param index="0">
              <value>
                <![CDATA[[TestResult name=PJMessage status=SUCCESS method=PapaJhonesTestCases.PJMessage()[pri:4, instance:com.PJOHN.TestCases.PapaJhonesTestCases@1d94634] output={null}]]]>
              </value>
            </param>
          </params>
          <reporter-output>
          </reporter-output>
        </test-method> <!-- afterEachTest -->
        <test-method status="PASS" signature="PJGrowing()[pri:5, instance:com.PJOHN.TestCases.PapaJhonesTestCases@1d94634]" name="PJGrowing" duration-ms="45380" started-at="2018-11-26T22:36:53Z" finished-at="2018-11-26T22:37:38Z">
          <reporter-output>
          </reporter-output>
        </test-method> <!-- PJGrowing -->
        <test-method status="PASS" signature="afterEachTest(org.testng.ITestResult)[pri:0, instance:com.PJOHN.TestCases.PapaJhonesTestCases@1d94634]" name="afterEachTest" is-config="true" duration-ms="51" started-at="2018-11-26T22:37:38Z" finished-at="2018-11-26T22:37:38Z">
          <params>
            <param index="0">
              <value>
                <![CDATA[[TestResult name=PJGrowing status=SUCCESS method=PapaJhonesTestCases.PJGrowing()[pri:5, instance:com.PJOHN.TestCases.PapaJhonesTestCases@1d94634] output={null}]]]>
              </value>
            </param>
          </params>
          <reporter-output>
          </reporter-output>
        </test-method> <!-- afterEachTest -->
        <test-method status="PASS" signature="PJFranchise()[pri:6, instance:com.PJOHN.TestCases.PapaJhonesTestCases@1d94634]" name="PJFranchise" duration-ms="44458" started-at="2018-11-26T22:37:38Z" finished-at="2018-11-26T22:38:23Z">
          <reporter-output>
          </reporter-output>
        </test-method> <!-- PJFranchise -->
        <test-method status="PASS" signature="afterEachTest(org.testng.ITestResult)[pri:0, instance:com.PJOHN.TestCases.PapaJhonesTestCases@1d94634]" name="afterEachTest" is-config="true" duration-ms="73" started-at="2018-11-26T22:38:23Z" finished-at="2018-11-26T22:38:23Z">
          <params>
            <param index="0">
              <value>
                <![CDATA[[TestResult name=PJFranchise status=SUCCESS method=PapaJhonesTestCases.PJFranchise()[pri:6, instance:com.PJOHN.TestCases.PapaJhonesTestCases@1d94634] output={null}]]]>
              </value>
            </param>
          </params>
          <reporter-output>
          </reporter-output>
        </test-method> <!-- afterEachTest -->
        <test-method status="PASS" signature="PJSchannaterMessage()[pri:7, instance:com.PJOHN.TestCases.PapaJhonesTestCases@1d94634]" name="PJSchannaterMessage" duration-ms="46240" started-at="2018-11-26T22:38:23Z" finished-at="2018-11-26T22:39:09Z">
          <reporter-output>
          </reporter-output>
        </test-method> <!-- PJSchannaterMessage -->
        <test-method status="PASS" signature="afterEachTest(org.testng.ITestResult)[pri:0, instance:com.PJOHN.TestCases.PapaJhonesTestCases@1d94634]" name="afterEachTest" is-config="true" duration-ms="72" started-at="2018-11-26T22:39:09Z" finished-at="2018-11-26T22:39:09Z">
          <params>
            <param index="0">
              <value>
                <![CDATA[[TestResult name=PJSchannaterMessage status=SUCCESS method=PapaJhonesTestCases.PJSchannaterMessage()[pri:7, instance:com.PJOHN.TestCases.PapaJhonesTestCases@1d94634] output={null}]]]>
              </value>
            </param>
          </params>
          <reporter-output>
          </reporter-output>
        </test-method> <!-- afterEachTest -->
        <test-method status="PASS" signature="PJConclusionPage()[pri:8, instance:com.PJOHN.TestCases.PapaJhonesTestCases@1d94634]" name="PJConclusionPage" duration-ms="46011" started-at="2018-11-26T22:39:09Z" finished-at="2018-11-26T22:39:55Z">
          <reporter-output>
          </reporter-output>
        </test-method> <!-- PJConclusionPage -->
        <test-method status="PASS" signature="afterEachTest(org.testng.ITestResult)[pri:0, instance:com.PJOHN.TestCases.PapaJhonesTestCases@1d94634]" name="afterEachTest" is-config="true" duration-ms="84" started-at="2018-11-26T22:39:55Z" finished-at="2018-11-26T22:39:55Z">
          <params>
            <param index="0">
              <value>
                <![CDATA[[TestResult name=PJConclusionPage status=SUCCESS method=PapaJhonesTestCases.PJConclusionPage()[pri:8, instance:com.PJOHN.TestCases.PapaJhonesTestCases@1d94634] output={null}]]]>
              </value>
            </param>
          </params>
          <reporter-output>
          </reporter-output>
        </test-method> <!-- afterEachTest -->
        <test-method status="PASS" signature="tearDown()[pri:0, instance:com.PJOHN.TestCases.PapaJhonesTestCases@1d94634]" name="tearDown" is-config="true" duration-ms="765" started-at="2018-11-26T22:39:55Z" finished-at="2018-11-26T22:39:56Z">
          <reporter-output>
          </reporter-output>
        </test-method> <!-- tearDown -->
      </class> <!-- com.PJOHN.TestCases.PapaJhonesTestCases -->
    </test> <!-- AlertConcepts chrome -->
  </suite> <!-- Basic Concepts -->
</testng-results>
