<?xml version="1.0" encoding="UTF-8"?>
<!-- Generated by org.testng.reporters.JUnitXMLReporter -->
<testsuite hostname="KrishnaK-LAPTOP" ignored="0" name="AlertConcepts chrome" tests="8" failures="0" timestamp="26 Nov 2018 17:09:56 GMT" time="393.066" errors="0">
  <testcase name="PJLogin" time="14.783" classname="com.PJOHN.TestCases.PapaJhonesTestCases"/>
  <testcase name="PJLaunch" time="68.775" classname="com.PJOHN.TestCases.PapaJhonesTestCases"/>
  <testcase name="PJwelcome" time="60.39" classname="com.PJOHN.TestCases.PapaJhonesTestCases"/>
  <testcase name="PJMessage" time="45.208" classname="com.PJOHN.TestCases.PapaJhonesTestCases"/>
  <testcase name="PJGrowing" time="45.38" classname="com.PJOHN.TestCases.PapaJhonesTestCases"/>
  <testcase name="PJFranchise" time="44.458" classname="com.PJOHN.TestCases.PapaJhonesTestCases"/>
  <testcase name="PJSchannaterMessage" time="46.24" classname="com.PJOHN.TestCases.PapaJhonesTestCases"/>
  <testcase name="PJConclusionPage" time="46.011" classname="com.PJOHN.TestCases.PapaJhonesTestCases"/>
</testsuite> <!-- AlertConcepts chrome -->
